<?xml version="1.0" encoding="UTF-8"?>
<testsuite xmlns:xsi="http://www.w3.org/2001/XMLSchema-instance" xsi:noNamespaceSchemaLocation="https://maven.apache.org/surefire/maven-surefire-plugin/xsd/surefire-test-report.xsd" name="JPAEx2Test" time="0.43" tests="5" errors="0" skipped="0" failures="0">
  <properties>
[...]
</properties>
  <testcase name="testUpdateGrade" classname="JPAEx2Test" time="0.127"/>
  <testcase name="testEnrollmentCreation" classname="JPAEx2Test" time="0.058"/>
  <testcase name="testEnrollmentFind" classname="JPAEx2Test" time="0.061"/>
  <testcase name="testMultipleEnrollments" classname="JPAEx2Test" time="0.107"/>
  <testcase name="testEnrollmentPersist" classname="JPAEx2Test" time="0.077"/>
</testsuite>