<?xml version="1.0" encoding="UTF-8"?>
<testsuite xmlns:xsi="http://www.w3.org/2001/XMLSchema-instance" xsi:noNamespaceSchemaLocation="https://maven.apache.org/surefire/maven-surefire-plugin/xsd/surefire-test-report.xsd" name="com.deepskilling.springcore.SpringCoreEx1Test" time="0.648" tests="5" errors="0" skipped="0" failures="0">
  <properties>
[...]
</properties>
  <testcase name="testProcessPayment" classname="com.deepskilling.springcore.SpringCoreEx1Test" time="0.556"/>
  <testcase name="testPaymentServiceExists" classname="com.deepskilling.springcore.SpringCoreEx1Test" time="0.013"/>
  <testcase name="testBankAccountInjection" classname="com.deepskilling.springcore.SpringCoreEx1Test" time="0.009"/>
  <testcase name="testInsufficientFunds" classname="com.deepskilling.springcore.SpringCoreEx1Test" time="0.011"/>
  <testcase name="testMultiplePayments" classname="com.deepskilling.springcore.SpringCoreEx1Test" time="0.01"/>
</testsuite>